<?xml version="1.0" encoding="UTF-8"?>
<testsuites name="Login Test" time="83.267" tests="1" failures="0" errors="0">
   <testsuite name="Login Test" tests="1" failures="0" errors="0" time="83.267" timestamp="2020-04-23 15:19:31" hostname="ASUS - LAPTOP-D0TPACJ1" id="Test Suites/Login Test">
      <properties>
         <property name="deviceName" value="emulator-5554 (AOSP on IA Emulator - Android 9)"/>
         <property name="devicePlatform" value=""/>
         <property name="logFolder" value="C:\\Users\\ASUS\\git\\ACCPerfect\\Reports\\20200423_151910\\Login Test\\20200423_151910"/>
         <property name="logFiles" value="C:\\Users\\ASUS\\git\\ACCPerfect\\Reports\\20200423_151910\\Login Test\\20200423_151910\\appium.log, C:\\Users\\ASUS\\git\\ACCPerfect\\Reports\\20200423_151910\\Login Test\\20200423_151910\\execution0.log"/>
         <property name="attachments" value=""/>
         <property name="hostName" value="ASUS - LAPTOP-D0TPACJ1"/>
         <property name="os" value="Windows 10 64bit"/>
         <property name="appiumServerStatus" value="{\&quot;status\&quot;:0,\&quot;value\&quot;:{\&quot;build\&quot;:{\&quot;version\&quot;:\&quot;1.12.1\&quot;}},\&quot;sessionId\&quot;:null}"/>
         <property name="katalonVersion" value="7.0.10.1"/>
         <property name="deviceOS" value="Android"/>
         <property name="appiumVersion" value="1.12.1"/>
         <property name="deviceModel" value="AOSP on IA Emulator"/>
         <property name="hostAddress" value="192.168.100.227"/>
         <property name="deviceManufacturer" value="Google"/>
         <property name="deviceId" value="emulator-5554"/>
         <property name="deviceName" value="emulator-5554 (AOSP on IA Emulator - Android 9)"/>
         <property name="deviceOSVersion" value="9"/>
      </properties>
      <testcase name="Test Cases/Login" time="76.795" classname="Test Cases/Login" status="PASSED">
         <system-out><![CDATA[2020-04-23 15:19:33 - [TEST_CASE][PASSED] - Test Cases/Login: Test Cases/Login

2020-04-23 15:19:34 - [TEST_STEP][PASSED] - startApplication("C:\Users\ASUS\Desktop\ACC Perfect 1.6.3 Dev.apk", false): Started app at: 'C:\Users\ASUS\Desktop\ACC Perfect 1.6.3 Dev.apk'

2020-04-23 15:19:43 - [MESSAGE][INFO] - Appium server started on port 51,668

2020-04-23 15:20:19 - [MESSAGE][PASSED] - Started app at: 'C:\Users\ASUS\Desktop\ACC Perfect 1.6.3 Dev.apk'

2020-04-23 15:20:19 - [TEST_STEP][PASSED] - delay(15, STOP_ON_FAILURE): Delayed 15 second(s)

2020-04-23 15:20:34 - [MESSAGE][PASSED] - Delayed 15 second(s)

2020-04-23 15:20:34 - [TEST_STEP][NOT_RUN] - setText(findTestObject("android.widget.EditText0"), npk, 0): NOT_RUN: setText(findTestObject("android.widget.EditText0"), npk, 0)

2020-04-23 15:20:34 - [MESSAGE][NOT_RUN] - NOT_RUN: setText(findTestObject("android.widget.EditText0"), npk, 0)

2020-04-23 15:20:34 - [TEST_STEP][PASSED] - delay(5, STOP_ON_FAILURE): Delayed 5 second(s)

2020-04-23 15:20:40 - [MESSAGE][PASSED] - Delayed 5 second(s)

2020-04-23 15:20:40 - [TEST_STEP][PASSED] - setText(findTestObject("android.widget.EditText0 (1)"), password, 0): Text 'Password' has been set to element 'Object Repository/android.widget.EditText0 (1)'

2020-04-23 15:20:41 - [MESSAGE][WARNING] - Timeout '0' is invalid. Using default page load timeout: '30'

2020-04-23 15:20:47 - [MESSAGE][PASSED] - Text 'Password' has been set to element 'Object Repository/android.widget.EditText0 (1)'

2020-04-23 15:20:47 - [TEST_STEP][NOT_RUN] - setText(findTestObject("input npk"), npk, 0): NOT_RUN: setText(findTestObject("input npk"), npk, 0)

2020-04-23 15:20:47 - [MESSAGE][NOT_RUN] - NOT_RUN: setText(findTestObject("input npk"), npk, 0)

2020-04-23 15:20:47 - [TEST_STEP][NOT_RUN] - delay(3, STOP_ON_FAILURE): NOT_RUN: delay(3, STOP_ON_FAILURE)

2020-04-23 15:20:47 - [MESSAGE][NOT_RUN] - NOT_RUN: delay(3, STOP_ON_FAILURE)

2020-04-23 15:20:47 - [TEST_STEP][NOT_RUN] - setText(findTestObject("input password"), password, 0): NOT_RUN: setText(findTestObject("input password"), password, 0)

2020-04-23 15:20:47 - [MESSAGE][NOT_RUN] - NOT_RUN: setText(findTestObject("input password"), password, 0)

2020-04-23 15:20:47 - [TEST_STEP][NOT_RUN] - delay(3, STOP_ON_FAILURE): NOT_RUN: delay(3, STOP_ON_FAILURE)

2020-04-23 15:20:47 - [MESSAGE][NOT_RUN] - NOT_RUN: delay(3, STOP_ON_FAILURE)

2020-04-23 15:20:47 - [TEST_STEP][PASSED] - tap(findTestObject("Btn Sign In"), 0): Tapped on element 'Object Repository/Btn Sign In'

2020-04-23 15:20:47 - [MESSAGE][WARNING] - Timeout '0' is invalid. Using default page load timeout: '30'

2020-04-23 15:20:49 - [MESSAGE][PASSED] - Tapped on element 'Object Repository/Btn Sign In'

2020-04-23 15:20:49 - [TEST_STEP][NOT_RUN] - delay(3, STOP_ON_FAILURE): NOT_RUN: delay(3, STOP_ON_FAILURE)

2020-04-23 15:20:49 - [MESSAGE][NOT_RUN] - NOT_RUN: delay(3, STOP_ON_FAILURE)

2020-04-23 15:20:49 - [TEST_STEP][NOT_RUN] - if (expected == "pass"): NOT_RUN: if (expected == "pass")

2020-04-23 15:20:49 - [MESSAGE][NOT_RUN] - NOT_RUN: if (expected == "pass")

2020-04-23 15:20:49 - [TEST_STEP][NOT_RUN] - delay(0, STOP_ON_FAILURE): NOT_RUN: delay(0, STOP_ON_FAILURE)

2020-04-23 15:20:49 - [MESSAGE][NOT_RUN] - NOT_RUN: delay(0, STOP_ON_FAILURE)

2020-04-23 15:20:49 - [TEST_STEP][NOT_RUN] - closeApplication(): NOT_RUN: closeApplication()

2020-04-23 15:20:49 - [MESSAGE][NOT_RUN] - NOT_RUN: closeApplication()]]></system-out>
         <system-err><![CDATA[]]></system-err>
      </testcase>
      <system-out><![CDATA[2020-04-23 15:19:31 - [TEST_SUITE][PASSED] - Login Test: Test Cases/Login]]></system-out>
      <system-err><![CDATA[]]></system-err>
   </testsuite>
</testsuites>
