<?xml version="1.0" encoding="UTF-8"?>
<testsuites name="Login Test" time="195.646" tests="3" failures="0" errors="0">
   <testsuite name="Login Test" tests="3" failures="0" errors="0" time="195.646" timestamp="2020-04-24 17:47:20" hostname="ASUS - LAPTOP-D0TPACJ1" id="Test Suites/Login Test">
      <properties>
         <property name="deviceName" value="emulator-5554 (AOSP on IA Emulator - Android 9)"/>
         <property name="devicePlatform" value=""/>
         <property name="logFolder" value="C:\\Users\\ASUS\\git\\ACCPerfect\\Reports\\20200424_174713\\Login Test\\20200424_174713"/>
         <property name="logFiles" value="C:\\Users\\ASUS\\git\\ACCPerfect\\Reports\\20200424_174713\\Login Test\\20200424_174713\\appium.log, C:\\Users\\ASUS\\git\\ACCPerfect\\Reports\\20200424_174713\\Login Test\\20200424_174713\\execution0.log"/>
         <property name="attachments" value=""/>
         <property name="hostName" value="ASUS - LAPTOP-D0TPACJ1"/>
         <property name="os" value="Windows 10 64bit"/>
         <property name="appiumServerStatus" value="{\&quot;status\&quot;:0,\&quot;value\&quot;:{\&quot;build\&quot;:{\&quot;version\&quot;:\&quot;1.12.1\&quot;}},\&quot;sessionId\&quot;:null}"/>
         <property name="katalonVersion" value="7.0.10.1"/>
         <property name="deviceOS" value="Android"/>
         <property name="appiumVersion" value="1.12.1"/>
         <property name="deviceModel" value="AOSP on IA Emulator"/>
         <property name="hostAddress" value="192.168.100.227"/>
         <property name="deviceManufacturer" value="Google"/>
         <property name="deviceId" value="emulator-5554"/>
         <property name="deviceName" value="emulator-5554 (AOSP on IA Emulator - Android 9)"/>
         <property name="deviceOSVersion" value="9"/>
      </properties>
      <testcase name="Test Cases/Login" time="67.527" classname="Test Cases/Login" status="PASSED">
         <system-out><![CDATA[2020-04-24 17:47:21 - [TEST_CASE][PASSED] - Test Cases/Login: Test Cases/Login

2020-04-24 17:47:22 - [TEST_STEP][PASSED] - startApplication("C:\Users\ASUS\Desktop\ACC Perfect 1.6.3 Dev.apk", false): Started app at: 'C:\Users\ASUS\Desktop\ACC Perfect 1.6.3 Dev.apk'

2020-04-24 17:47:28 - [MESSAGE][INFO] - Appium server started on port 55,128

2020-04-24 17:47:54 - [MESSAGE][PASSED] - Started app at: 'C:\Users\ASUS\Desktop\ACC Perfect 1.6.3 Dev.apk'

2020-04-24 17:47:54 - [TEST_STEP][PASSED] - delay(15, STOP_ON_FAILURE): Delayed 15 second(s)

2020-04-24 17:48:09 - [MESSAGE][PASSED] - Delayed 15 second(s)

2020-04-24 17:48:09 - [TEST_STEP][PASSED] - setText(findTestObject("android.widget.EditText0"), npk, 0): Text '' has been set to element 'Object Repository/android.widget.EditText0'

2020-04-24 17:48:09 - [MESSAGE][WARNING] - Timeout '0' is invalid. Using default page load timeout: '30'

2020-04-24 17:48:11 - [MESSAGE][PASSED] - Text '' has been set to element 'Object Repository/android.widget.EditText0'

2020-04-24 17:48:11 - [TEST_STEP][PASSED] - delay(5, STOP_ON_FAILURE): Delayed 5 second(s)

2020-04-24 17:48:16 - [MESSAGE][PASSED] - Delayed 5 second(s)

2020-04-24 17:48:16 - [TEST_STEP][PASSED] - tap(findTestObject("android.view.View0 - Icon"), 0): Tapped on element 'Object Repository/android.view.View0 - Icon'

2020-04-24 17:48:16 - [MESSAGE][WARNING] - Timeout '0' is invalid. Using default page load timeout: '30'

2020-04-24 17:48:18 - [MESSAGE][PASSED] - Tapped on element 'Object Repository/android.view.View0 - Icon'

2020-04-24 17:48:18 - [TEST_STEP][PASSED] - setText(findTestObject("android.widget.EditText0 - password"), password, 0): Text 'Password1' has been set to element 'Object Repository/android.widget.EditText0 - password'

2020-04-24 17:48:18 - [MESSAGE][WARNING] - Timeout '0' is invalid. Using default page load timeout: '30'

2020-04-24 17:48:19 - [MESSAGE][PASSED] - Text 'Password1' has been set to element 'Object Repository/android.widget.EditText0 - password'

2020-04-24 17:48:19 - [TEST_STEP][PASSED] - delay(3, STOP_ON_FAILURE): Delayed 3 second(s)

2020-04-24 17:48:22 - [MESSAGE][PASSED] - Delayed 3 second(s)

2020-04-24 17:48:22 - [TEST_STEP][PASSED] - tap(findTestObject("android.widget.Button0 - SIGN IN"), 0): Tapped on element 'Object Repository/android.widget.Button0 - SIGN IN'

2020-04-24 17:48:22 - [MESSAGE][WARNING] - Timeout '0' is invalid. Using default page load timeout: '30'

2020-04-24 17:48:25 - [MESSAGE][PASSED] - Tapped on element 'Object Repository/android.widget.Button0 - SIGN IN'

2020-04-24 17:48:25 - [TEST_STEP][PASSED] - if (expected == "pass"): null

2020-04-24 17:48:25 - [TEST_STEP][PASSED] - else if (expected == "fail"): Delayed 0 second(s)

2020-04-24 17:48:25 - [TEST_STEP][PASSED] - delay(0, STOP_ON_FAILURE): Delayed 0 second(s)

2020-04-24 17:48:25 - [MESSAGE][PASSED] - Delayed 0 second(s)

2020-04-24 17:48:25 - [TEST_STEP][PASSED] - if (fail == "input salah"): null

2020-04-24 17:48:25 - [TEST_STEP][PASSED] - else if (fail == "input kosong"): Element 'Object Repository/android.view.View0 - Kolom NPK danatau Password masih kosong' is visible

2020-04-24 17:48:25 - [TEST_STEP][PASSED] - verifyElementVisible(findTestObject("android.view.View0 - Kolom NPK danatau Password masih kosong"), 0): Element 'Object Repository/android.view.View0 - Kolom NPK danatau Password masih kosong' is visible

2020-04-24 17:48:25 - [MESSAGE][WARNING] - Timeout '0' is invalid. Using default page load timeout: '30'

2020-04-24 17:48:25 - [MESSAGE][PASSED] - Element 'Object Repository/android.view.View0 - Kolom NPK danatau Password masih kosong' is visible

2020-04-24 17:48:25 - [TEST_STEP][PASSED] - delay(0, STOP_ON_FAILURE): Delayed 0 second(s)

2020-04-24 17:48:25 - [MESSAGE][PASSED] - Delayed 0 second(s)

2020-04-24 17:48:25 - [TEST_STEP][PASSED] - closeApplication(): Close app successfully

2020-04-24 17:48:28 - [MESSAGE][PASSED] - Close app successfully]]></system-out>
         <system-err><![CDATA[]]></system-err>
      </testcase>
      <testcase name="Test Cases/Login" time="64.185" classname="Test Cases/Login" status="PASSED">
         <system-out><![CDATA[2020-04-24 17:48:28 - [TEST_CASE][PASSED] - Test Cases/Login: Test Cases/Login

2020-04-24 17:48:28 - [TEST_STEP][PASSED] - startApplication("C:\Users\ASUS\Desktop\ACC Perfect 1.6.3 Dev.apk", false): Started app at: 'C:\Users\ASUS\Desktop\ACC Perfect 1.6.3 Dev.apk'

2020-04-24 17:48:32 - [MESSAGE][INFO] - Appium server started on port 55,337

2020-04-24 17:48:50 - [MESSAGE][PASSED] - Started app at: 'C:\Users\ASUS\Desktop\ACC Perfect 1.6.3 Dev.apk'

2020-04-24 17:48:50 - [TEST_STEP][PASSED] - delay(15, STOP_ON_FAILURE): Delayed 15 second(s)

2020-04-24 17:49:05 - [MESSAGE][PASSED] - Delayed 15 second(s)

2020-04-24 17:49:05 - [TEST_STEP][PASSED] - setText(findTestObject("android.widget.EditText0"), npk, 0): Text '02112' has been set to element 'Object Repository/android.widget.EditText0'

2020-04-24 17:49:05 - [MESSAGE][WARNING] - Timeout '0' is invalid. Using default page load timeout: '30'

2020-04-24 17:49:07 - [MESSAGE][PASSED] - Text '02112' has been set to element 'Object Repository/android.widget.EditText0'

2020-04-24 17:49:07 - [TEST_STEP][PASSED] - delay(5, STOP_ON_FAILURE): Delayed 5 second(s)

2020-04-24 17:49:12 - [MESSAGE][PASSED] - Delayed 5 second(s)

2020-04-24 17:49:12 - [TEST_STEP][PASSED] - tap(findTestObject("android.view.View0 - Icon"), 0): Tapped on element 'Object Repository/android.view.View0 - Icon'

2020-04-24 17:49:12 - [MESSAGE][WARNING] - Timeout '0' is invalid. Using default page load timeout: '30'

2020-04-24 17:49:13 - [MESSAGE][PASSED] - Tapped on element 'Object Repository/android.view.View0 - Icon'

2020-04-24 17:49:13 - [TEST_STEP][PASSED] - setText(findTestObject("android.widget.EditText0 - password"), password, 0): Text 'Password' has been set to element 'Object Repository/android.widget.EditText0 - password'

2020-04-24 17:49:14 - [MESSAGE][WARNING] - Timeout '0' is invalid. Using default page load timeout: '30'

2020-04-24 17:49:14 - [MESSAGE][PASSED] - Text 'Password' has been set to element 'Object Repository/android.widget.EditText0 - password'

2020-04-24 17:49:14 - [TEST_STEP][PASSED] - delay(3, STOP_ON_FAILURE): Delayed 3 second(s)

2020-04-24 17:49:17 - [MESSAGE][PASSED] - Delayed 3 second(s)

2020-04-24 17:49:17 - [TEST_STEP][PASSED] - tap(findTestObject("android.widget.Button0 - SIGN IN"), 0): Tapped on element 'Object Repository/android.widget.Button0 - SIGN IN'

2020-04-24 17:49:17 - [MESSAGE][WARNING] - Timeout '0' is invalid. Using default page load timeout: '30'

2020-04-24 17:49:19 - [MESSAGE][PASSED] - Tapped on element 'Object Repository/android.widget.Button0 - SIGN IN'

2020-04-24 17:49:19 - [TEST_STEP][PASSED] - if (expected == "pass"): null

2020-04-24 17:49:19 - [TEST_STEP][PASSED] - else if (expected == "fail"): Delayed 0 second(s)

2020-04-24 17:49:19 - [TEST_STEP][PASSED] - delay(0, STOP_ON_FAILURE): Delayed 0 second(s)

2020-04-24 17:49:19 - [MESSAGE][PASSED] - Delayed 0 second(s)

2020-04-24 17:49:19 - [TEST_STEP][PASSED] - if (fail == "input salah"): Element 'Object Repository/android.view.View0 - NPK danatau Password yang dimasukkan salah' is visible

2020-04-24 17:49:19 - [TEST_STEP][PASSED] - verifyElementVisible(findTestObject("android.view.View0 - NPK danatau Password yang dimasukkan salah"), 0): Element 'Object Repository/android.view.View0 - NPK danatau Password yang dimasukkan salah' is visible

2020-04-24 17:49:24 - [MESSAGE][WARNING] - Timeout '0' is invalid. Using default page load timeout: '30'

2020-04-24 17:49:25 - [MESSAGE][PASSED] - Element 'Object Repository/android.view.View0 - NPK danatau Password yang dimasukkan salah' is visible

2020-04-24 17:49:25 - [TEST_STEP][PASSED] - delay(0, STOP_ON_FAILURE): Delayed 0 second(s)

2020-04-24 17:49:25 - [MESSAGE][PASSED] - Delayed 0 second(s)

2020-04-24 17:49:26 - [TEST_STEP][PASSED] - closeApplication(): Close app successfully

2020-04-24 17:49:32 - [MESSAGE][PASSED] - Close app successfully]]></system-out>
         <system-err><![CDATA[]]></system-err>
      </testcase>
      <testcase name="Test Cases/Login" time="62.843" classname="Test Cases/Login" status="PASSED">
         <system-out><![CDATA[2020-04-24 17:49:33 - [TEST_CASE][PASSED] - Test Cases/Login: Test Cases/Login

2020-04-24 17:49:33 - [TEST_STEP][PASSED] - startApplication("C:\Users\ASUS\Desktop\ACC Perfect 1.6.3 Dev.apk", false): Started app at: 'C:\Users\ASUS\Desktop\ACC Perfect 1.6.3 Dev.apk'

2020-04-24 17:49:37 - [MESSAGE][INFO] - Appium server started on port 55,541

2020-04-24 17:49:53 - [MESSAGE][PASSED] - Started app at: 'C:\Users\ASUS\Desktop\ACC Perfect 1.6.3 Dev.apk'

2020-04-24 17:49:53 - [TEST_STEP][PASSED] - delay(15, STOP_ON_FAILURE): Delayed 15 second(s)

2020-04-24 17:50:08 - [MESSAGE][PASSED] - Delayed 15 second(s)

2020-04-24 17:50:08 - [TEST_STEP][PASSED] - setText(findTestObject("android.widget.EditText0"), npk, 0): Text '02112' has been set to element 'Object Repository/android.widget.EditText0'

2020-04-24 17:50:08 - [MESSAGE][WARNING] - Timeout '0' is invalid. Using default page load timeout: '30'

2020-04-24 17:50:10 - [MESSAGE][PASSED] - Text '02112' has been set to element 'Object Repository/android.widget.EditText0'

2020-04-24 17:50:10 - [TEST_STEP][PASSED] - delay(5, STOP_ON_FAILURE): Delayed 5 second(s)

2020-04-24 17:50:15 - [MESSAGE][PASSED] - Delayed 5 second(s)

2020-04-24 17:50:15 - [TEST_STEP][PASSED] - tap(findTestObject("android.view.View0 - Icon"), 0): Tapped on element 'Object Repository/android.view.View0 - Icon'

2020-04-24 17:50:15 - [MESSAGE][WARNING] - Timeout '0' is invalid. Using default page load timeout: '30'

2020-04-24 17:50:16 - [MESSAGE][PASSED] - Tapped on element 'Object Repository/android.view.View0 - Icon'

2020-04-24 17:50:16 - [TEST_STEP][PASSED] - setText(findTestObject("android.widget.EditText0 - password"), password, 0): Text 'Password1' has been set to element 'Object Repository/android.widget.EditText0 - password'

2020-04-24 17:50:17 - [MESSAGE][WARNING] - Timeout '0' is invalid. Using default page load timeout: '30'

2020-04-24 17:50:17 - [MESSAGE][PASSED] - Text 'Password1' has been set to element 'Object Repository/android.widget.EditText0 - password'

2020-04-24 17:50:17 - [TEST_STEP][PASSED] - delay(3, STOP_ON_FAILURE): Delayed 3 second(s)

2020-04-24 17:50:20 - [MESSAGE][PASSED] - Delayed 3 second(s)

2020-04-24 17:50:20 - [TEST_STEP][PASSED] - tap(findTestObject("android.widget.Button0 - SIGN IN"), 0): Tapped on element 'Object Repository/android.widget.Button0 - SIGN IN'

2020-04-24 17:50:20 - [MESSAGE][WARNING] - Timeout '0' is invalid. Using default page load timeout: '30'

2020-04-24 17:50:22 - [MESSAGE][PASSED] - Tapped on element 'Object Repository/android.widget.Button0 - SIGN IN'

2020-04-24 17:50:22 - [TEST_STEP][PASSED] - if (expected == "pass"): Delayed 0 second(s)

2020-04-24 17:50:22 - [TEST_STEP][PASSED] - verifyElementVisible(findTestObject("android.view.View0 - Icon"), 0): Element 'Object Repository/android.view.View0 - Icon' is visible

2020-04-24 17:50:22 - [MESSAGE][WARNING] - Timeout '0' is invalid. Using default page load timeout: '30'

2020-04-24 17:50:30 - [MESSAGE][PASSED] - Element 'Object Repository/android.view.View0 - Icon' is visible

2020-04-24 17:50:30 - [TEST_STEP][PASSED] - verifyElementVisible(findTestObject("android.view.View0 - Main"), 0): Element 'Object Repository/android.view.View0 - Main' is visible

2020-04-24 17:50:30 - [MESSAGE][WARNING] - Timeout '0' is invalid. Using default page load timeout: '30'

2020-04-24 17:50:32 - [MESSAGE][PASSED] - Element 'Object Repository/android.view.View0 - Main' is visible

2020-04-24 17:50:32 - [TEST_STEP][PASSED] - verifyElementVisible(findTestObject("android.view.View0 - Performance"), 0): Element 'Object Repository/android.view.View0 - Performance' is visible

2020-04-24 17:50:32 - [MESSAGE][WARNING] - Timeout '0' is invalid. Using default page load timeout: '30'

2020-04-24 17:50:32 - [MESSAGE][PASSED] - Element 'Object Repository/android.view.View0 - Performance' is visible

2020-04-24 17:50:32 - [TEST_STEP][PASSED] - verifyElementVisible(findTestObject("android.view.View0 - PMHome"), 0): Element 'Object Repository/android.view.View0 - PMHome' is visible

2020-04-24 17:50:32 - [MESSAGE][WARNING] - Timeout '0' is invalid. Using default page load timeout: '30'

2020-04-24 17:50:33 - [MESSAGE][PASSED] - Element 'Object Repository/android.view.View0 - PMHome' is visible

2020-04-24 17:50:33 - [TEST_STEP][PASSED] - verifyElementVisible(findTestObject("android.view.View0 - ChatList"), 0): Element 'Object Repository/android.view.View0 - ChatList' is visible

2020-04-24 17:50:33 - [MESSAGE][WARNING] - Timeout '0' is invalid. Using default page load timeout: '30'

2020-04-24 17:50:34 - [MESSAGE][PASSED] - Element 'Object Repository/android.view.View0 - ChatList' is visible

2020-04-24 17:50:34 - [TEST_STEP][PASSED] - delay(0, STOP_ON_FAILURE): Delayed 0 second(s)

2020-04-24 17:50:34 - [MESSAGE][PASSED] - Delayed 0 second(s)

2020-04-24 17:50:34 - [TEST_STEP][PASSED] - closeApplication(): Close app successfully

2020-04-24 17:50:35 - [MESSAGE][PASSED] - Close app successfully]]></system-out>
         <system-err><![CDATA[]]></system-err>
      </testcase>
      <system-out><![CDATA[2020-04-24 17:47:20 - [TEST_SUITE][PASSED] - Login Test: Test Cases/Login]]></system-out>
      <system-err><![CDATA[]]></system-err>
   </testsuite>
</testsuites>
